{
  "/Users/gauravgoswami/Desktop/indigo-hackathon/IndiGohack-backend/app.js": {
    "path": "/Users/gauravgoswami/Desktop/indigo-hackathon/IndiGohack-backend/app.js",
    "statementMap": {
      "0": {
        "start": { "line": 1, "column": 15 },
        "end": { "line": 164, "column": 1 }
      },
      "1": {
        "start": { "line": 2, "column": 2 },
        "end": { "line": 6, "column": 3 }
      },
      "2": {
        "start": { "line": 3, "column": 4 },
        "end": { "line": 3, "column": 16 }
      },
      "3": {
        "start": { "line": 5, "column": 4 },
        "end": { "line": 5, "column": 60 }
      },
      "4": {
        "start": { "line": 7, "column": 18 },
        "end": { "line": 7, "column": 36 }
      },
      "5": {
        "start": { "line": 8, "column": 15 },
        "end": { "line": 8, "column": 30 }
      },
      "6": {
        "start": { "line": 9, "column": 17 },
        "end": { "line": 9, "column": 34 }
      },
      "7": {
        "start": { "line": 10, "column": 14 },
        "end": { "line": 10, "column": 37 }
      },
      "8": {
        "start": { "line": 11, "column": 25 },
        "end": { "line": 11, "column": 54 }
      },
      "9": {
        "start": { "line": 12, "column": 28 },
        "end": { "line": 12, "column": 56 }
      },
      "10": {
        "start": { "line": 13, "column": 15 },
        "end": { "line": 13, "column": 47 }
      },
      "11": {
        "start": { "line": 14, "column": 16 },
        "end": { "line": 14, "column": 49 }
      },
      "12": {
        "start": { "line": 15, "column": 16 },
        "end": { "line": 15, "column": 49 }
      },
      "13": {
        "start": { "line": 17, "column": 14 },
        "end": { "line": 17, "column": 23 }
      },
      "14": {
        "start": { "line": 19, "column": 2 },
        "end": { "line": 19, "column": 18 }
      },
      "15": {
        "start": { "line": 20, "column": 2 },
        "end": { "line": 20, "column": 37 }
      },
      "16": {
        "start": { "line": 21, "column": 2 },
        "end": { "line": 21, "column": 26 }
      },
      "17": {
        "start": { "line": 23, "column": 2 },
        "end": { "line": 44, "column": 5 }
      },
      "18": {
        "start": { "line": 24, "column": 4 },
        "end": { "line": 43, "column": 5 }
      },
      "19": {
        "start": { "line": 25, "column": 47 },
        "end": { "line": 25, "column": 55 }
      },
      "20": {
        "start": { "line": 26, "column": 22 },
        "end": { "line": 26, "column": 52 }
      },
      "21": {
        "start": { "line": 27, "column": 6 },
        "end": { "line": 30, "column": 7 }
      },
      "22": {
        "start": { "line": 28, "column": 8 },
        "end": { "line": 28, "column": 64 }
      },
      "23": {
        "start": { "line": 29, "column": 8 },
        "end": { "line": 29, "column": 70 }
      },
      "24": {
        "start": { "line": 31, "column": 6 },
        "end": { "line": 31, "column": 58 }
      },
      "25": {
        "start": { "line": 32, "column": 24 },
        "end": { "line": 37, "column": 8 }
      },
      "26": {
        "start": { "line": 38, "column": 19 },
        "end": { "line": 38, "column": 41 }
      },
      "27": {
        "start": { "line": 39, "column": 6 },
        "end": { "line": 39, "column": 57 }
      },
      "28": {
        "start": { "line": 41, "column": 6 },
        "end": { "line": 41, "column": 31 }
      },
      "29": {
        "start": { "line": 42, "column": 6 },
        "end": { "line": 42, "column": 50 }
      },
      "30": {
        "start": { "line": 46, "column": 2 },
        "end": { "line": 66, "column": 5 }
      },
      "31": {
        "start": { "line": 47, "column": 4 },
        "end": { "line": 65, "column": 5 }
      },
      "32": {
        "start": { "line": 48, "column": 34 },
        "end": { "line": 48, "column": 42 }
      },
      "33": {
        "start": { "line": 49, "column": 19 },
        "end": { "line": 49, "column": 49 }
      },
      "34": {
        "start": { "line": 50, "column": 6 },
        "end": { "line": 60, "column": 7 }
      },
      "35": {
        "start": { "line": 51, "column": 22 },
        "end": { "line": 57, "column": 9 }
      },
      "36": {
        "start": { "line": 58, "column": 8 },
        "end": { "line": 58, "column": 27 }
      },
      "37": {
        "start": { "line": 59, "column": 8 },
        "end": { "line": 59, "column": 78 }
      },
      "38": {
        "start": { "line": 61, "column": 6 },
        "end": { "line": 61, "column": 68 }
      },
      "39": {
        "start": { "line": 63, "column": 6 },
        "end": { "line": 63, "column": 31 }
      },
      "40": {
        "start": { "line": 64, "column": 6 },
        "end": { "line": 64, "column": 50 }
      },
      "41": {
        "start": { "line": 68, "column": 2 },
        "end": { "line": 99, "column": 5 }
      },
      "42": {
        "start": { "line": 69, "column": 4 },
        "end": { "line": 98, "column": 5 }
      },
      "43": {
        "start": { "line": 78, "column": 10 },
        "end": { "line": 78, "column": 18 }
      },
      "44": {
        "start": { "line": 79, "column": 22 },
        "end": { "line": 79, "column": 49 }
      },
      "45": {
        "start": { "line": 80, "column": 6 },
        "end": { "line": 83, "column": 7 }
      },
      "46": {
        "start": { "line": 81, "column": 8 },
        "end": { "line": 81, "column": 64 }
      },
      "47": {
        "start": { "line": 82, "column": 8 },
        "end": { "line": 82, "column": 70 }
      },
      "48": {
        "start": { "line": 84, "column": 24 },
        "end": { "line": 92, "column": 8 }
      },
      "49": {
        "start": { "line": 93, "column": 19 },
        "end": { "line": 93, "column": 41 }
      },
      "50": {
        "start": { "line": 94, "column": 6 },
        "end": { "line": 94, "column": 40 }
      },
      "51": {
        "start": { "line": 96, "column": 6 },
        "end": { "line": 96, "column": 31 }
      },
      "52": {
        "start": { "line": 97, "column": 6 },
        "end": { "line": 97, "column": 50 }
      },
      "53": {
        "start": { "line": 101, "column": 2 },
        "end": { "line": 130, "column": 5 }
      },
      "54": {
        "start": { "line": 102, "column": 4 },
        "end": { "line": 129, "column": 5 }
      },
      "55": {
        "start": { "line": 103, "column": 71 },
        "end": { "line": 103, "column": 79 }
      },
      "56": {
        "start": { "line": 104, "column": 6 },
        "end": { "line": 106, "column": 7 }
      },
      "57": {
        "start": { "line": 105, "column": 8 },
        "end": { "line": 105, "column": 62 }
      },
      "58": {
        "start": { "line": 107, "column": 24 },
        "end": { "line": 120, "column": 7 }
      },
      "59": {
        "start": { "line": 121, "column": 6 },
        "end": { "line": 123, "column": 8 }
      },
      "60": {
        "start": { "line": 122, "column": 17 },
        "end": { "line": 122, "column": 74 }
      },
      "61": {
        "start": { "line": 124, "column": 27 },
        "end": { "line": 124, "column": 55 }
      },
      "62": {
        "start": { "line": 125, "column": 6 },
        "end": { "line": 125, "column": 48 }
      },
      "63": {
        "start": { "line": 127, "column": 6 },
        "end": { "line": 127, "column": 31 }
      },
      "64": {
        "start": { "line": 128, "column": 6 },
        "end": { "line": 128, "column": 50 }
      },
      "65": {
        "start": { "line": 132, "column": 2 },
        "end": { "line": 144, "column": 5 }
      },
      "66": {
        "start": { "line": 133, "column": 4 },
        "end": { "line": 143, "column": 5 }
      },
      "67": {
        "start": { "line": 134, "column": 18 },
        "end": { "line": 134, "column": 34 }
      },
      "68": {
        "start": { "line": 135, "column": 6 },
        "end": { "line": 137, "column": 7 }
      },
      "69": {
        "start": { "line": 136, "column": 8 },
        "end": { "line": 136, "column": 67 }
      },
      "70": {
        "start": { "line": 138, "column": 21 },
        "end": { "line": 138, "column": 78 }
      },
      "71": {
        "start": { "line": 139, "column": 6 },
        "end": { "line": 139, "column": 42 }
      },
      "72": {
        "start": { "line": 141, "column": 6 },
        "end": { "line": 141, "column": 31 }
      },
      "73": {
        "start": { "line": 142, "column": 6 },
        "end": { "line": 142, "column": 50 }
      },
      "74": {
        "start": { "line": 146, "column": 2 },
        "end": { "line": 161, "column": 5 }
      },
      "75": {
        "start": { "line": 147, "column": 4 },
        "end": { "line": 160, "column": 5 }
      },
      "76": {
        "start": { "line": 148, "column": 39 },
        "end": { "line": 148, "column": 47 }
      },
      "77": {
        "start": { "line": 149, "column": 25 },
        "end": { "line": 154, "column": 8 }
      },
      "78": {
        "start": { "line": 155, "column": 20 },
        "end": { "line": 155, "column": 43 }
      },
      "79": {
        "start": { "line": 156, "column": 6 },
        "end": { "line": 156, "column": 41 }
      },
      "80": {
        "start": { "line": 158, "column": 6 },
        "end": { "line": 158, "column": 31 }
      },
      "81": {
        "start": { "line": 159, "column": 6 },
        "end": { "line": 159, "column": 50 }
      },
      "82": {
        "start": { "line": 163, "column": 2 },
        "end": { "line": 163, "column": 13 }
      },
      "83": {
        "start": { "line": 167, "column": 0 },
        "end": { "line": 167, "column": 28 }
      }
    },
    "fnMap": {
      "0": {
        "name": "(anonymous_0)",
        "decl": {
          "start": { "line": 1, "column": 15 },
          "end": { "line": 1, "column": 16 }
        },
        "loc": {
          "start": { "line": 1, "column": 27 },
          "end": { "line": 164, "column": 1 }
        },
        "line": 1
      },
      "1": {
        "name": "(anonymous_1)",
        "decl": {
          "start": { "line": 23, "column": 33 },
          "end": { "line": 23, "column": 34 }
        },
        "loc": {
          "start": { "line": 23, "column": 53 },
          "end": { "line": 44, "column": 3 }
        },
        "line": 23
      },
      "2": {
        "name": "(anonymous_2)",
        "decl": {
          "start": { "line": 46, "column": 30 },
          "end": { "line": 46, "column": 31 }
        },
        "loc": {
          "start": { "line": 46, "column": 50 },
          "end": { "line": 66, "column": 3 }
        },
        "line": 46
      },
      "3": {
        "name": "(anonymous_3)",
        "decl": {
          "start": { "line": 68, "column": 33 },
          "end": { "line": 68, "column": 34 }
        },
        "loc": {
          "start": { "line": 68, "column": 53 },
          "end": { "line": 99, "column": 3 }
        },
        "line": 68
      },
      "4": {
        "name": "(anonymous_4)",
        "decl": {
          "start": { "line": 101, "column": 31 },
          "end": { "line": 101, "column": 32 }
        },
        "loc": {
          "start": { "line": 101, "column": 51 },
          "end": { "line": 130, "column": 3 }
        },
        "line": 101
      },
      "5": {
        "name": "(anonymous_5)",
        "decl": {
          "start": { "line": 122, "column": 8 },
          "end": { "line": 122, "column": 9 }
        },
        "loc": {
          "start": { "line": 122, "column": 17 },
          "end": { "line": 122, "column": 74 }
        },
        "line": 122
      },
      "6": {
        "name": "(anonymous_6)",
        "decl": {
          "start": { "line": 132, "column": 30 },
          "end": { "line": 132, "column": 31 }
        },
        "loc": {
          "start": { "line": 132, "column": 50 },
          "end": { "line": 144, "column": 3 }
        },
        "line": 132
      },
      "7": {
        "name": "(anonymous_7)",
        "decl": {
          "start": { "line": 146, "column": 54 },
          "end": { "line": 146, "column": 55 }
        },
        "loc": {
          "start": { "line": 146, "column": 74 },
          "end": { "line": 161, "column": 3 }
        },
        "line": 146
      }
    },
    "branchMap": {
      "0": {
        "loc": {
          "start": { "line": 2, "column": 2 },
          "end": { "line": 6, "column": 3 }
        },
        "type": "if",
        "locations": [
          {
            "start": { "line": 2, "column": 2 },
            "end": { "line": 6, "column": 3 }
          },
          {
            "start": { "line": 4, "column": 9 },
            "end": { "line": 6, "column": 3 }
          }
        ],
        "line": 2
      },
      "1": {
        "loc": {
          "start": { "line": 27, "column": 6 },
          "end": { "line": 30, "column": 7 }
        },
        "type": "if",
        "locations": [
          {
            "start": { "line": 27, "column": 6 },
            "end": { "line": 30, "column": 7 }
          },
          { "start": {}, "end": {} }
        ],
        "line": 27
      },
      "2": {
        "loc": {
          "start": { "line": 50, "column": 6 },
          "end": { "line": 60, "column": 7 }
        },
        "type": "if",
        "locations": [
          {
            "start": { "line": 50, "column": 6 },
            "end": { "line": 60, "column": 7 }
          },
          { "start": {}, "end": {} }
        ],
        "line": 50
      },
      "3": {
        "loc": {
          "start": { "line": 50, "column": 10 },
          "end": { "line": 50, "column": 65 }
        },
        "type": "binary-expr",
        "locations": [
          {
            "start": { "line": 50, "column": 10 },
            "end": { "line": 50, "column": 14 }
          },
          {
            "start": { "line": 50, "column": 19 },
            "end": { "line": 50, "column": 64 }
          }
        ],
        "line": 50
      },
      "4": {
        "loc": {
          "start": { "line": 53, "column": 10 },
          "end": { "line": 53, "column": 47 }
        },
        "type": "binary-expr",
        "locations": [
          {
            "start": { "line": 53, "column": 10 },
            "end": { "line": 53, "column": 31 }
          },
          {
            "start": { "line": 53, "column": 35 },
            "end": { "line": 53, "column": 47 }
          }
        ],
        "line": 53
      },
      "5": {
        "loc": {
          "start": { "line": 80, "column": 6 },
          "end": { "line": 83, "column": 7 }
        },
        "type": "if",
        "locations": [
          {
            "start": { "line": 80, "column": 6 },
            "end": { "line": 83, "column": 7 }
          },
          { "start": {}, "end": {} }
        ],
        "line": 80
      },
      "6": {
        "loc": {
          "start": { "line": 104, "column": 6 },
          "end": { "line": 106, "column": 7 }
        },
        "type": "if",
        "locations": [
          {
            "start": { "line": 104, "column": 6 },
            "end": { "line": 106, "column": 7 }
          },
          { "start": {}, "end": {} }
        ],
        "line": 104
      },
      "7": {
        "loc": {
          "start": { "line": 104, "column": 10 },
          "end": { "line": 104, "column": 41 }
        },
        "type": "binary-expr",
        "locations": [
          {
            "start": { "line": 104, "column": 10 },
            "end": { "line": 104, "column": 27 }
          },
          {
            "start": { "line": 104, "column": 31 },
            "end": { "line": 104, "column": 41 }
          }
        ],
        "line": 104
      },
      "8": {
        "loc": {
          "start": { "line": 108, "column": 13 },
          "end": { "line": 108, "column": 60 }
        },
        "type": "cond-expr",
        "locations": [
          {
            "start": { "line": 108, "column": 45 },
            "end": { "line": 108, "column": 48 }
          },
          {
            "start": { "line": 108, "column": 51 },
            "end": { "line": 108, "column": 60 }
          }
        ],
        "line": 108
      },
      "9": {
        "loc": {
          "start": { "line": 108, "column": 13 },
          "end": { "line": 108, "column": 42 }
        },
        "type": "binary-expr",
        "locations": [
          {
            "start": { "line": 108, "column": 13 },
            "end": { "line": 108, "column": 29 }
          },
          {
            "start": { "line": 108, "column": 33 },
            "end": { "line": 108, "column": 42 }
          }
        ],
        "line": 108
      },
      "10": {
        "loc": {
          "start": { "line": 109, "column": 14 },
          "end": { "line": 109, "column": 64 }
        },
        "type": "cond-expr",
        "locations": [
          {
            "start": { "line": 109, "column": 48 },
            "end": { "line": 109, "column": 52 }
          },
          {
            "start": { "line": 109, "column": 55 },
            "end": { "line": 109, "column": 64 }
          }
        ],
        "line": 109
      },
      "11": {
        "loc": {
          "start": { "line": 109, "column": 14 },
          "end": { "line": 109, "column": 45 }
        },
        "type": "binary-expr",
        "locations": [
          {
            "start": { "line": 109, "column": 14 },
            "end": { "line": 109, "column": 31 }
          },
          {
            "start": { "line": 109, "column": 35 },
            "end": { "line": 109, "column": 45 }
          }
        ],
        "line": 109
      },
      "12": {
        "loc": {
          "start": { "line": 110, "column": 16 },
          "end": { "line": 110, "column": 72 }
        },
        "type": "cond-expr",
        "locations": [
          {
            "start": { "line": 110, "column": 54 },
            "end": { "line": 110, "column": 60 }
          },
          {
            "start": { "line": 110, "column": 63 },
            "end": { "line": 110, "column": 72 }
          }
        ],
        "line": 110
      },
      "13": {
        "loc": {
          "start": { "line": 110, "column": 16 },
          "end": { "line": 110, "column": 51 }
        },
        "type": "binary-expr",
        "locations": [
          {
            "start": { "line": 110, "column": 16 },
            "end": { "line": 110, "column": 35 }
          },
          {
            "start": { "line": 110, "column": 39 },
            "end": { "line": 110, "column": 51 }
          }
        ],
        "line": 110
      },
      "14": {
        "loc": {
          "start": { "line": 112, "column": 10 },
          "end": { "line": 114, "column": 23 }
        },
        "type": "cond-expr",
        "locations": [
          {
            "start": { "line": 113, "column": 14 },
            "end": { "line": 113, "column": 25 }
          },
          {
            "start": { "line": 114, "column": 14 },
            "end": { "line": 114, "column": 23 }
          }
        ],
        "line": 112
      },
      "15": {
        "loc": {
          "start": { "line": 112, "column": 10 },
          "end": { "line": 112, "column": 55 }
        },
        "type": "binary-expr",
        "locations": [
          {
            "start": { "line": 112, "column": 10 },
            "end": { "line": 112, "column": 34 }
          },
          {
            "start": { "line": 112, "column": 38 },
            "end": { "line": 112, "column": 55 }
          }
        ],
        "line": 112
      },
      "16": {
        "loc": {
          "start": { "line": 116, "column": 10 },
          "end": { "line": 118, "column": 23 }
        },
        "type": "cond-expr",
        "locations": [
          {
            "start": { "line": 117, "column": 14 },
            "end": { "line": 117, "column": 28 }
          },
          {
            "start": { "line": 118, "column": 14 },
            "end": { "line": 118, "column": 23 }
          }
        ],
        "line": 116
      },
      "17": {
        "loc": {
          "start": { "line": 116, "column": 10 },
          "end": { "line": 116, "column": 61 }
        },
        "type": "binary-expr",
        "locations": [
          {
            "start": { "line": 116, "column": 10 },
            "end": { "line": 116, "column": 37 }
          },
          {
            "start": { "line": 116, "column": 41 },
            "end": { "line": 116, "column": 61 }
          }
        ],
        "line": 116
      },
      "18": {
        "loc": {
          "start": { "line": 119, "column": 14 },
          "end": { "line": 119, "column": 64 }
        },
        "type": "cond-expr",
        "locations": [
          {
            "start": { "line": 119, "column": 48 },
            "end": { "line": 119, "column": 52 }
          },
          {
            "start": { "line": 119, "column": 55 },
            "end": { "line": 119, "column": 64 }
          }
        ],
        "line": 119
      },
      "19": {
        "loc": {
          "start": { "line": 119, "column": 14 },
          "end": { "line": 119, "column": 45 }
        },
        "type": "binary-expr",
        "locations": [
          {
            "start": { "line": 119, "column": 14 },
            "end": { "line": 119, "column": 31 }
          },
          {
            "start": { "line": 119, "column": 35 },
            "end": { "line": 119, "column": 45 }
          }
        ],
        "line": 119
      },
      "20": {
        "loc": {
          "start": { "line": 122, "column": 17 },
          "end": { "line": 122, "column": 74 }
        },
        "type": "binary-expr",
        "locations": [
          {
            "start": { "line": 122, "column": 17 },
            "end": { "line": 122, "column": 47 }
          },
          {
            "start": { "line": 122, "column": 51 },
            "end": { "line": 122, "column": 74 }
          }
        ],
        "line": 122
      },
      "21": {
        "loc": {
          "start": { "line": 135, "column": 6 },
          "end": { "line": 137, "column": 7 }
        },
        "type": "if",
        "locations": [
          {
            "start": { "line": 135, "column": 6 },
            "end": { "line": 137, "column": 7 }
          },
          { "start": {}, "end": {} }
        ],
        "line": 135
      },
      "22": {
        "loc": {
          "start": { "line": 135, "column": 10 },
          "end": { "line": 135, "column": 50 }
        },
        "type": "binary-expr",
        "locations": [
          {
            "start": { "line": 135, "column": 10 },
            "end": { "line": 135, "column": 19 }
          },
          {
            "start": { "line": 135, "column": 23 },
            "end": { "line": 135, "column": 37 }
          },
          {
            "start": { "line": 135, "column": 41 },
            "end": { "line": 135, "column": 50 }
          }
        ],
        "line": 135
      }
    },
    "s": {
      "0": 1,
      "1": 4,
      "2": 1,
      "3": 3,
      "4": 2,
      "5": 2,
      "6": 2,
      "7": 2,
      "8": 2,
      "9": 2,
      "10": 2,
      "11": 2,
      "12": 2,
      "13": 2,
      "14": 2,
      "15": 2,
      "16": 2,
      "17": 2,
      "18": 10,
      "19": 10,
      "20": 10,
      "21": 10,
      "22": 1,
      "23": 1,
      "24": 9,
      "25": 8,
      "26": 8,
      "27": 6,
      "28": 3,
      "29": 3,
      "30": 2,
      "31": 6,
      "32": 6,
      "33": 6,
      "34": 6,
      "35": 4,
      "36": 4,
      "37": 4,
      "38": 2,
      "39": 0,
      "40": 0,
      "41": 2,
      "42": 5,
      "43": 5,
      "44": 5,
      "45": 5,
      "46": 1,
      "47": 1,
      "48": 4,
      "49": 4,
      "50": 2,
      "51": 2,
      "52": 2,
      "53": 2,
      "54": 3,
      "55": 3,
      "56": 3,
      "57": 2,
      "58": 1,
      "59": 1,
      "60": 6,
      "61": 1,
      "62": 1,
      "63": 0,
      "64": 0,
      "65": 2,
      "66": 2,
      "67": 2,
      "68": 2,
      "69": 1,
      "70": 1,
      "71": 1,
      "72": 0,
      "73": 0,
      "74": 2,
      "75": 3,
      "76": 3,
      "77": 3,
      "78": 3,
      "79": 1,
      "80": 2,
      "81": 2,
      "82": 2,
      "83": 1
    },
    "f": { "0": 4, "1": 10, "2": 6, "3": 5, "4": 3, "5": 6, "6": 2, "7": 3 },
    "b": {
      "0": [1, 3],
      "1": [1, 9],
      "2": [4, 2],
      "3": [6, 4],
      "4": [4, 4],
      "5": [1, 4],
      "6": [2, 1],
      "7": [3, 1],
      "8": [1, 0],
      "9": [1, 0],
      "10": [1, 0],
      "11": [1, 1],
      "12": [1, 0],
      "13": [1, 1],
      "14": [1, 0],
      "15": [1, 1],
      "16": [1, 0],
      "17": [1, 1],
      "18": [1, 0],
      "19": [1, 0],
      "20": [6, 4],
      "21": [1, 1],
      "22": [2, 1, 1]
    },
    "_coverageSchema": "1a1c01bbd47fc00a2c39e90264f33305004495a9",
    "hash": "51575ead8321b4a94f3cb1d05c9c44dd7f93b6a8"
  },
  "/Users/gauravgoswami/Desktop/indigo-hackathon/IndiGohack-backend/config/db.js": {
    "path": "/Users/gauravgoswami/Desktop/indigo-hackathon/IndiGohack-backend/config/db.js",
    "statementMap": {
      "0": {
        "start": { "line": 1, "column": 17 },
        "end": { "line": 1, "column": 36 }
      },
      "1": {
        "start": { "line": 3, "column": 15 },
        "end": { "line": 20, "column": 1 }
      },
      "2": {
        "start": { "line": 4, "column": 2 },
        "end": { "line": 4, "column": 60 }
      },
      "3": {
        "start": { "line": 5, "column": 2 },
        "end": { "line": 19, "column": 7 }
      },
      "4": {
        "start": { "line": 12, "column": 6 },
        "end": { "line": 12, "column": 71 }
      },
      "5": {
        "start": { "line": 16, "column": 6 },
        "end": { "line": 16, "column": 62 }
      },
      "6": {
        "start": { "line": 17, "column": 6 },
        "end": { "line": 17, "column": 33 }
      },
      "7": {
        "start": { "line": 18, "column": 6 },
        "end": { "line": 18, "column": 22 }
      },
      "8": {
        "start": { "line": 22, "column": 0 },
        "end": { "line": 22, "column": 28 }
      }
    },
    "fnMap": {
      "0": {
        "name": "(anonymous_0)",
        "decl": {
          "start": { "line": 3, "column": 15 },
          "end": { "line": 3, "column": 16 }
        },
        "loc": {
          "start": { "line": 3, "column": 27 },
          "end": { "line": 20, "column": 1 }
        },
        "line": 3
      },
      "1": {
        "name": "(anonymous_1)",
        "decl": {
          "start": { "line": 11, "column": 10 },
          "end": { "line": 11, "column": 11 }
        },
        "loc": {
          "start": { "line": 11, "column": 16 },
          "end": { "line": 13, "column": 5 }
        },
        "line": 11
      },
      "2": {
        "name": "(anonymous_2)",
        "decl": {
          "start": { "line": 14, "column": 11 },
          "end": { "line": 14, "column": 12 }
        },
        "loc": {
          "start": { "line": 14, "column": 22 },
          "end": { "line": 19, "column": 5 }
        },
        "line": 14
      }
    },
    "branchMap": {},
    "s": {
      "0": 2,
      "1": 2,
      "2": 4,
      "3": 2,
      "4": 1,
      "5": 1,
      "6": 1,
      "7": 1,
      "8": 2
    },
    "f": { "0": 4, "1": 1, "2": 1 },
    "b": {},
    "_coverageSchema": "1a1c01bbd47fc00a2c39e90264f33305004495a9",
    "hash": "75ca3b7f0630896622d1bf68d8b97ee47da2dd25"
  },
  "/Users/gauravgoswami/Desktop/indigo-hackathon/IndiGohack-backend/config/logger.js": {
    "path": "/Users/gauravgoswami/Desktop/indigo-hackathon/IndiGohack-backend/config/logger.js",
    "statementMap": {
      "0": {
        "start": { "line": 1, "column": 16 },
        "end": { "line": 1, "column": 34 }
      },
      "1": {
        "start": { "line": 3, "column": 13 },
        "end": { "line": 3, "column": 17 }
      },
      "2": {
        "start": { "line": 5, "column": 8 },
        "end": { "line": 28, "column": 11 }
      },
      "3": {
        "start": { "line": 32, "column": 0 },
        "end": { "line": 32, "column": 24 }
      }
    },
    "fnMap": {
      "0": {
        "name": "(anonymous_0)",
        "decl": {
          "start": { "line": 4, "column": 4 },
          "end": { "line": 4, "column": 5 }
        },
        "loc": {
          "start": { "line": 4, "column": 18 },
          "end": { "line": 29, "column": 5 }
        },
        "line": 4
      }
    },
    "branchMap": {
      "0": {
        "loc": {
          "start": { "line": 13, "column": 28 },
          "end": { "line": 14, "column": 34 }
        },
        "type": "binary-expr",
        "locations": [
          {
            "start": { "line": 13, "column": 29 },
            "end": { "line": 13, "column": 50 }
          },
          {
            "start": { "line": 13, "column": 54 },
            "end": { "line": 13, "column": 89 }
          },
          {
            "start": { "line": 14, "column": 28 },
            "end": { "line": 14, "column": 34 }
          }
        ],
        "line": 13
      },
      "1": {
        "loc": {
          "start": { "line": 24, "column": 28 },
          "end": { "line": 25, "column": 34 }
        },
        "type": "binary-expr",
        "locations": [
          {
            "start": { "line": 24, "column": 29 },
            "end": { "line": 24, "column": 50 }
          },
          {
            "start": { "line": 24, "column": 54 },
            "end": { "line": 24, "column": 89 }
          },
          {
            "start": { "line": 25, "column": 28 },
            "end": { "line": 25, "column": 34 }
          }
        ],
        "line": 24
      }
    },
    "s": { "0": 3, "1": 8, "2": 8, "3": 3 },
    "f": { "0": 8 },
    "b": { "0": [8, 0, 8], "1": [8, 0, 8] },
    "_coverageSchema": "1a1c01bbd47fc00a2c39e90264f33305004495a9",
    "hash": "f1129cce73fde5fe0a8582938f89c638ddf2b0f8"
  },
  "/Users/gauravgoswami/Desktop/indigo-hackathon/IndiGohack-backend/middlewares/auth.js": {
    "path": "/Users/gauravgoswami/Desktop/indigo-hackathon/IndiGohack-backend/middlewares/auth.js",
    "statementMap": {
      "0": {
        "start": { "line": 1, "column": 12 },
        "end": { "line": 1, "column": 35 }
      },
      "1": {
        "start": { "line": 3, "column": 20 },
        "end": { "line": 18, "column": 1 }
      },
      "2": {
        "start": { "line": 3, "column": 32 },
        "end": { "line": 18, "column": 1 }
      },
      "3": {
        "start": { "line": 4, "column": 2 },
        "end": { "line": 4, "column": 49 }
      },
      "4": {
        "start": { "line": 5, "column": 16 },
        "end": { "line": 5, "column": 44 }
      },
      "5": {
        "start": { "line": 6, "column": 2 },
        "end": { "line": 9, "column": 3 }
      },
      "6": {
        "start": { "line": 7, "column": 4 },
        "end": { "line": 7, "column": 54 }
      },
      "7": {
        "start": { "line": 8, "column": 4 },
        "end": { "line": 8, "column": 70 }
      },
      "8": {
        "start": { "line": 10, "column": 2 },
        "end": { "line": 16, "column": 3 }
      },
      "9": {
        "start": { "line": 11, "column": 20 },
        "end": { "line": 11, "column": 76 }
      },
      "10": {
        "start": { "line": 12, "column": 4 },
        "end": { "line": 12, "column": 23 }
      },
      "11": {
        "start": { "line": 14, "column": 4 },
        "end": { "line": 14, "column": 49 }
      },
      "12": {
        "start": { "line": 15, "column": 4 },
        "end": { "line": 15, "column": 69 }
      },
      "13": {
        "start": { "line": 17, "column": 2 },
        "end": { "line": 17, "column": 16 }
      },
      "14": {
        "start": { "line": 20, "column": 0 },
        "end": { "line": 20, "column": 29 }
      }
    },
    "fnMap": {
      "0": {
        "name": "(anonymous_0)",
        "decl": {
          "start": { "line": 3, "column": 20 },
          "end": { "line": 3, "column": 21 }
        },
        "loc": {
          "start": { "line": 3, "column": 32 },
          "end": { "line": 18, "column": 1 }
        },
        "line": 3
      },
      "1": {
        "name": "(anonymous_1)",
        "decl": {
          "start": { "line": 3, "column": 32 },
          "end": { "line": 3, "column": 33 }
        },
        "loc": {
          "start": { "line": 3, "column": 52 },
          "end": { "line": 18, "column": 1 }
        },
        "line": 3
      }
    },
    "branchMap": {
      "0": {
        "loc": {
          "start": { "line": 6, "column": 2 },
          "end": { "line": 9, "column": 3 }
        },
        "type": "if",
        "locations": [
          {
            "start": { "line": 6, "column": 2 },
            "end": { "line": 9, "column": 3 }
          },
          { "start": {}, "end": {} }
        ],
        "line": 6
      },
      "1": {
        "loc": {
          "start": { "line": 11, "column": 38 },
          "end": { "line": 11, "column": 75 }
        },
        "type": "binary-expr",
        "locations": [
          {
            "start": { "line": 11, "column": 38 },
            "end": { "line": 11, "column": 59 }
          },
          {
            "start": { "line": 11, "column": 63 },
            "end": { "line": 11, "column": 75 }
          }
        ],
        "line": 11
      }
    },
    "s": {
      "0": 2,
      "1": 2,
      "2": 5,
      "3": 8,
      "4": 8,
      "5": 8,
      "6": 3,
      "7": 3,
      "8": 5,
      "9": 5,
      "10": 4,
      "11": 1,
      "12": 1,
      "13": 4,
      "14": 2
    },
    "f": { "0": 5, "1": 8 },
    "b": { "0": [3, 5], "1": [5, 5] },
    "_coverageSchema": "1a1c01bbd47fc00a2c39e90264f33305004495a9",
    "hash": "cb2d55ce9a0853c03a530947069a4114c06ba2ed"
  },
  "/Users/gauravgoswami/Desktop/indigo-hackathon/IndiGohack-backend/middlewares/log.js": {
    "path": "/Users/gauravgoswami/Desktop/indigo-hackathon/IndiGohack-backend/middlewares/log.js",
    "statementMap": {
      "0": {
        "start": { "line": 2, "column": 32 },
        "end": { "line": 10, "column": 1 }
      },
      "1": {
        "start": { "line": 2, "column": 44 },
        "end": { "line": 10, "column": 1 }
      },
      "2": {
        "start": { "line": 3, "column": 4 },
        "end": { "line": 3, "column": 76 }
      },
      "3": {
        "start": { "line": 4, "column": 4 },
        "end": { "line": 4, "column": 52 }
      },
      "4": {
        "start": { "line": 5, "column": 4 },
        "end": { "line": 8, "column": 7 }
      },
      "5": {
        "start": { "line": 6, "column": 8 },
        "end": { "line": 6, "column": 57 }
      },
      "6": {
        "start": { "line": 7, "column": 8 },
        "end": { "line": 7, "column": 26 }
      },
      "7": {
        "start": { "line": 9, "column": 4 },
        "end": { "line": 9, "column": 11 }
      },
      "8": {
        "start": { "line": 12, "column": 30 },
        "end": { "line": 16, "column": 1 }
      },
      "9": {
        "start": { "line": 12, "column": 45 },
        "end": { "line": 16, "column": 1 }
      },
      "10": {
        "start": { "line": 13, "column": 4 },
        "end": { "line": 13, "column": 30 }
      },
      "11": {
        "start": { "line": 14, "column": 4 },
        "end": { "line": 14, "column": 20 }
      },
      "12": {
        "start": { "line": 15, "column": 4 },
        "end": { "line": 15, "column": 22 }
      },
      "13": {
        "start": { "line": 18, "column": 0 },
        "end": { "line": 18, "column": 41 }
      }
    },
    "fnMap": {
      "0": {
        "name": "(anonymous_0)",
        "decl": {
          "start": { "line": 2, "column": 32 },
          "end": { "line": 2, "column": 33 }
        },
        "loc": {
          "start": { "line": 2, "column": 44 },
          "end": { "line": 10, "column": 1 }
        },
        "line": 2
      },
      "1": {
        "name": "(anonymous_1)",
        "decl": {
          "start": { "line": 2, "column": 44 },
          "end": { "line": 2, "column": 45 }
        },
        "loc": {
          "start": { "line": 2, "column": 64 },
          "end": { "line": 10, "column": 1 }
        },
        "line": 2
      },
      "2": {
        "name": "(anonymous_2)",
        "decl": {
          "start": { "line": 5, "column": 21 },
          "end": { "line": 5, "column": 22 }
        },
        "loc": {
          "start": { "line": 5, "column": 27 },
          "end": { "line": 8, "column": 5 }
        },
        "line": 5
      },
      "3": {
        "name": "(anonymous_3)",
        "decl": {
          "start": { "line": 12, "column": 30 },
          "end": { "line": 12, "column": 31 }
        },
        "loc": {
          "start": { "line": 12, "column": 45 },
          "end": { "line": 16, "column": 1 }
        },
        "line": 12
      },
      "4": {
        "name": "(anonymous_4)",
        "decl": {
          "start": { "line": 12, "column": 45 },
          "end": { "line": 12, "column": 46 }
        },
        "loc": {
          "start": { "line": 12, "column": 58 },
          "end": { "line": 16, "column": 1 }
        },
        "line": 12
      }
    },
    "branchMap": {},
    "s": {
      "0": 2,
      "1": 5,
      "2": 34,
      "3": 34,
      "4": 34,
      "5": 31,
      "6": 31,
      "7": 33,
      "8": 2,
      "9": 34,
      "10": 31,
      "11": 31,
      "12": 31,
      "13": 2
    },
    "f": { "0": 5, "1": 34, "2": 31, "3": 34, "4": 31 },
    "b": {},
    "_coverageSchema": "1a1c01bbd47fc00a2c39e90264f33305004495a9",
    "hash": "e3b8b6fefb7904ac0f633ebebeba88691e8e34ff"
  },
  "/Users/gauravgoswami/Desktop/indigo-hackathon/IndiGohack-backend/model/event.model.js": {
    "path": "/Users/gauravgoswami/Desktop/indigo-hackathon/IndiGohack-backend/model/event.model.js",
    "statementMap": {
      "0": {
        "start": { "line": 1, "column": 17 },
        "end": { "line": 1, "column": 36 }
      },
      "1": {
        "start": { "line": 3, "column": 20 },
        "end": { "line": 25, "column": 2 }
      },
      "2": {
        "start": { "line": 27, "column": 0 },
        "end": { "line": 27, "column": 54 }
      }
    },
    "fnMap": {},
    "branchMap": {},
    "s": { "0": 1, "1": 1, "2": 1 },
    "f": {},
    "b": {},
    "_coverageSchema": "1a1c01bbd47fc00a2c39e90264f33305004495a9",
    "hash": "ba02b0b3c0e1978f390372a6415cea960d4c5271"
  },
  "/Users/gauravgoswami/Desktop/indigo-hackathon/IndiGohack-backend/model/staff.model.js": {
    "path": "/Users/gauravgoswami/Desktop/indigo-hackathon/IndiGohack-backend/model/staff.model.js",
    "statementMap": {
      "0": {
        "start": { "line": 1, "column": 17 },
        "end": { "line": 1, "column": 36 }
      },
      "1": {
        "start": { "line": 2, "column": 18 },
        "end": { "line": 2, "column": 38 }
      },
      "2": {
        "start": { "line": 4, "column": 20 },
        "end": { "line": 20, "column": 2 }
      },
      "3": {
        "start": { "line": 11, "column": 6 },
        "end": { "line": 11, "column": 37 }
      },
      "4": {
        "start": { "line": 22, "column": 0 },
        "end": { "line": 22, "column": 54 }
      }
    },
    "fnMap": {
      "0": {
        "name": "(anonymous_0)",
        "decl": {
          "start": { "line": 10, "column": 14 },
          "end": { "line": 10, "column": 15 }
        },
        "loc": {
          "start": { "line": 10, "column": 25 },
          "end": { "line": 12, "column": 5 }
        },
        "line": 10
      }
    },
    "branchMap": {},
    "s": { "0": 1, "1": 1, "2": 1, "3": 8, "4": 1 },
    "f": { "0": 8 },
    "b": {},
    "_coverageSchema": "1a1c01bbd47fc00a2c39e90264f33305004495a9",
    "hash": "5759805119f38a3852f66e23c600474a36a279f1"
  },
  "/Users/gauravgoswami/Desktop/indigo-hackathon/IndiGohack-backend/model/unmr.model.js": {
    "path": "/Users/gauravgoswami/Desktop/indigo-hackathon/IndiGohack-backend/model/unmr.model.js",
    "statementMap": {
      "0": {
        "start": { "line": 1, "column": 17 },
        "end": { "line": 1, "column": 36 }
      },
      "1": {
        "start": { "line": 3, "column": 19 },
        "end": { "line": 33, "column": 2 }
      },
      "2": {
        "start": { "line": 35, "column": 0 },
        "end": { "line": 35, "column": 52 }
      }
    },
    "fnMap": {},
    "branchMap": {},
    "s": { "0": 1, "1": 1, "2": 1 },
    "f": {},
    "b": {},
    "_coverageSchema": "1a1c01bbd47fc00a2c39e90264f33305004495a9",
    "hash": "5058deb51de330a7540b84dbb7c220fb2b8fbab2"
  }
}
