{"/Users/gauravgoswami/Desktop/indigo-hackathon/IndiGohack-backend/app.js": {"path":"/Users/gauravgoswami/Desktop/indigo-hackathon/IndiGohack-backend/app.js","statementMap":{"0":{"start":{"line":1,"column":15},"end":{"line":182,"column":1}},"1":{"start":{"line":2,"column":2},"end":{"line":6,"column":3}},"2":{"start":{"line":3,"column":4},"end":{"line":3,"column":16}},"3":{"start":{"line":5,"column":4},"end":{"line":5,"column":60}},"4":{"start":{"line":7,"column":18},"end":{"line":7,"column":36}},"5":{"start":{"line":8,"column":15},"end":{"line":8,"column":30}},"6":{"start":{"line":9,"column":17},"end":{"line":9,"column":34}},"7":{"start":{"line":10,"column":14},"end":{"line":10,"column":37}},"8":{"start":{"line":11,"column":25},"end":{"line":11,"column":54}},"9":{"start":{"line":12,"column":28},"end":{"line":12,"column":56}},"10":{"start":{"line":13,"column":15},"end":{"line":13,"column":47}},"11":{"start":{"line":14,"column":16},"end":{"line":14,"column":49}},"12":{"start":{"line":15,"column":16},"end":{"line":15,"column":49}},"13":{"start":{"line":17,"column":14},"end":{"line":17,"column":23}},"14":{"start":{"line":19,"column":2},"end":{"line":19,"column":18}},"15":{"start":{"line":20,"column":2},"end":{"line":20,"column":37}},"16":{"start":{"line":21,"column":2},"end":{"line":21,"column":26}},"17":{"start":{"line":23,"column":2},"end":{"line":44,"column":5}},"18":{"start":{"line":24,"column":4},"end":{"line":43,"column":5}},"19":{"start":{"line":25,"column":47},"end":{"line":25,"column":55}},"20":{"start":{"line":26,"column":22},"end":{"line":26,"column":52}},"21":{"start":{"line":27,"column":6},"end":{"line":30,"column":7}},"22":{"start":{"line":28,"column":8},"end":{"line":28,"column":64}},"23":{"start":{"line":29,"column":8},"end":{"line":29,"column":70}},"24":{"start":{"line":31,"column":6},"end":{"line":31,"column":58}},"25":{"start":{"line":32,"column":24},"end":{"line":37,"column":8}},"26":{"start":{"line":38,"column":19},"end":{"line":38,"column":41}},"27":{"start":{"line":39,"column":6},"end":{"line":39,"column":57}},"28":{"start":{"line":41,"column":6},"end":{"line":41,"column":31}},"29":{"start":{"line":42,"column":6},"end":{"line":42,"column":50}},"30":{"start":{"line":46,"column":2},"end":{"line":66,"column":5}},"31":{"start":{"line":47,"column":4},"end":{"line":65,"column":5}},"32":{"start":{"line":48,"column":34},"end":{"line":48,"column":42}},"33":{"start":{"line":49,"column":19},"end":{"line":49,"column":49}},"34":{"start":{"line":50,"column":6},"end":{"line":60,"column":7}},"35":{"start":{"line":51,"column":22},"end":{"line":57,"column":9}},"36":{"start":{"line":58,"column":8},"end":{"line":58,"column":27}},"37":{"start":{"line":59,"column":8},"end":{"line":59,"column":78}},"38":{"start":{"line":61,"column":6},"end":{"line":61,"column":68}},"39":{"start":{"line":63,"column":6},"end":{"line":63,"column":31}},"40":{"start":{"line":64,"column":6},"end":{"line":64,"column":50}},"41":{"start":{"line":68,"column":2},"end":{"line":99,"column":5}},"42":{"start":{"line":69,"column":4},"end":{"line":98,"column":5}},"43":{"start":{"line":78,"column":10},"end":{"line":78,"column":18}},"44":{"start":{"line":79,"column":22},"end":{"line":79,"column":49}},"45":{"start":{"line":80,"column":6},"end":{"line":83,"column":7}},"46":{"start":{"line":81,"column":8},"end":{"line":81,"column":64}},"47":{"start":{"line":82,"column":8},"end":{"line":82,"column":70}},"48":{"start":{"line":84,"column":24},"end":{"line":92,"column":8}},"49":{"start":{"line":93,"column":19},"end":{"line":93,"column":41}},"50":{"start":{"line":94,"column":6},"end":{"line":94,"column":40}},"51":{"start":{"line":96,"column":6},"end":{"line":96,"column":31}},"52":{"start":{"line":97,"column":6},"end":{"line":97,"column":50}},"53":{"start":{"line":101,"column":2},"end":{"line":130,"column":5}},"54":{"start":{"line":102,"column":4},"end":{"line":129,"column":5}},"55":{"start":{"line":103,"column":71},"end":{"line":103,"column":79}},"56":{"start":{"line":104,"column":6},"end":{"line":106,"column":7}},"57":{"start":{"line":105,"column":8},"end":{"line":105,"column":62}},"58":{"start":{"line":107,"column":24},"end":{"line":120,"column":7}},"59":{"start":{"line":121,"column":6},"end":{"line":123,"column":8}},"60":{"start":{"line":122,"column":17},"end":{"line":122,"column":74}},"61":{"start":{"line":124,"column":28},"end":{"line":124,"column":56}},"62":{"start":{"line":125,"column":6},"end":{"line":125,"column":49}},"63":{"start":{"line":127,"column":6},"end":{"line":127,"column":31}},"64":{"start":{"line":128,"column":6},"end":{"line":128,"column":50}},"65":{"start":{"line":132,"column":2},"end":{"line":144,"column":5}},"66":{"start":{"line":133,"column":4},"end":{"line":143,"column":5}},"67":{"start":{"line":134,"column":18},"end":{"line":134,"column":34}},"68":{"start":{"line":135,"column":6},"end":{"line":137,"column":7}},"69":{"start":{"line":136,"column":8},"end":{"line":136,"column":67}},"70":{"start":{"line":138,"column":21},"end":{"line":138,"column":75}},"71":{"start":{"line":139,"column":6},"end":{"line":139,"column":42}},"72":{"start":{"line":141,"column":6},"end":{"line":141,"column":31}},"73":{"start":{"line":142,"column":6},"end":{"line":142,"column":50}},"74":{"start":{"line":146,"column":2},"end":{"line":179,"column":5}},"75":{"start":{"line":147,"column":4},"end":{"line":178,"column":5}},"76":{"start":{"line":148,"column":65},"end":{"line":148,"column":73}},"77":{"start":{"line":149,"column":25},"end":{"line":156,"column":8}},"78":{"start":{"line":157,"column":19},"end":{"line":157,"column":56}},"79":{"start":{"line":158,"column":6},"end":{"line":171,"column":7}},"80":{"start":{"line":159,"column":8},"end":{"line":159,"column":69}},"81":{"start":{"line":161,"column":22},"end":{"line":161,"column":71}},"82":{"start":{"line":162,"column":8},"end":{"line":170,"column":9}},"83":{"start":{"line":163,"column":10},"end":{"line":165,"column":70}},"84":{"start":{"line":167,"column":10},"end":{"line":169,"column":11}},"85":{"start":{"line":168,"column":12},"end":{"line":168,"column":79}},"86":{"start":{"line":172,"column":20},"end":{"line":172,"column":43}},"87":{"start":{"line":173,"column":6},"end":{"line":173,"column":41}},"88":{"start":{"line":175,"column":6},"end":{"line":175,"column":23}},"89":{"start":{"line":176,"column":6},"end":{"line":176,"column":31}},"90":{"start":{"line":177,"column":6},"end":{"line":177,"column":50}},"91":{"start":{"line":181,"column":2},"end":{"line":181,"column":13}},"92":{"start":{"line":184,"column":0},"end":{"line":184,"column":28}}},"fnMap":{"0":{"name":"(anonymous_0)","decl":{"start":{"line":1,"column":15},"end":{"line":1,"column":16}},"loc":{"start":{"line":1,"column":27},"end":{"line":182,"column":1}},"line":1},"1":{"name":"(anonymous_1)","decl":{"start":{"line":23,"column":33},"end":{"line":23,"column":34}},"loc":{"start":{"line":23,"column":53},"end":{"line":44,"column":3}},"line":23},"2":{"name":"(anonymous_2)","decl":{"start":{"line":46,"column":30},"end":{"line":46,"column":31}},"loc":{"start":{"line":46,"column":50},"end":{"line":66,"column":3}},"line":46},"3":{"name":"(anonymous_3)","decl":{"start":{"line":68,"column":33},"end":{"line":68,"column":34}},"loc":{"start":{"line":68,"column":53},"end":{"line":99,"column":3}},"line":68},"4":{"name":"(anonymous_4)","decl":{"start":{"line":101,"column":31},"end":{"line":101,"column":32}},"loc":{"start":{"line":101,"column":51},"end":{"line":130,"column":3}},"line":101},"5":{"name":"(anonymous_5)","decl":{"start":{"line":122,"column":8},"end":{"line":122,"column":9}},"loc":{"start":{"line":122,"column":17},"end":{"line":122,"column":74}},"line":122},"6":{"name":"(anonymous_6)","decl":{"start":{"line":132,"column":30},"end":{"line":132,"column":31}},"loc":{"start":{"line":132,"column":50},"end":{"line":144,"column":3}},"line":132},"7":{"name":"(anonymous_7)","decl":{"start":{"line":146,"column":54},"end":{"line":146,"column":55}},"loc":{"start":{"line":146,"column":74},"end":{"line":179,"column":3}},"line":146}},"branchMap":{"0":{"loc":{"start":{"line":2,"column":2},"end":{"line":6,"column":3}},"type":"if","locations":[{"start":{"line":2,"column":2},"end":{"line":6,"column":3}},{"start":{"line":4,"column":9},"end":{"line":6,"column":3}}],"line":2},"1":{"loc":{"start":{"line":27,"column":6},"end":{"line":30,"column":7}},"type":"if","locations":[{"start":{"line":27,"column":6},"end":{"line":30,"column":7}},{"start":{},"end":{}}],"line":27},"2":{"loc":{"start":{"line":50,"column":6},"end":{"line":60,"column":7}},"type":"if","locations":[{"start":{"line":50,"column":6},"end":{"line":60,"column":7}},{"start":{},"end":{}}],"line":50},"3":{"loc":{"start":{"line":50,"column":10},"end":{"line":50,"column":65}},"type":"binary-expr","locations":[{"start":{"line":50,"column":10},"end":{"line":50,"column":14}},{"start":{"line":50,"column":19},"end":{"line":50,"column":64}}],"line":50},"4":{"loc":{"start":{"line":53,"column":10},"end":{"line":53,"column":47}},"type":"binary-expr","locations":[{"start":{"line":53,"column":10},"end":{"line":53,"column":31}},{"start":{"line":53,"column":35},"end":{"line":53,"column":47}}],"line":53},"5":{"loc":{"start":{"line":80,"column":6},"end":{"line":83,"column":7}},"type":"if","locations":[{"start":{"line":80,"column":6},"end":{"line":83,"column":7}},{"start":{},"end":{}}],"line":80},"6":{"loc":{"start":{"line":104,"column":6},"end":{"line":106,"column":7}},"type":"if","locations":[{"start":{"line":104,"column":6},"end":{"line":106,"column":7}},{"start":{},"end":{}}],"line":104},"7":{"loc":{"start":{"line":104,"column":10},"end":{"line":104,"column":41}},"type":"binary-expr","locations":[{"start":{"line":104,"column":10},"end":{"line":104,"column":27}},{"start":{"line":104,"column":31},"end":{"line":104,"column":41}}],"line":104},"8":{"loc":{"start":{"line":108,"column":13},"end":{"line":108,"column":60}},"type":"cond-expr","locations":[{"start":{"line":108,"column":45},"end":{"line":108,"column":48}},{"start":{"line":108,"column":51},"end":{"line":108,"column":60}}],"line":108},"9":{"loc":{"start":{"line":108,"column":13},"end":{"line":108,"column":42}},"type":"binary-expr","locations":[{"start":{"line":108,"column":13},"end":{"line":108,"column":29}},{"start":{"line":108,"column":33},"end":{"line":108,"column":42}}],"line":108},"10":{"loc":{"start":{"line":109,"column":14},"end":{"line":109,"column":64}},"type":"cond-expr","locations":[{"start":{"line":109,"column":48},"end":{"line":109,"column":52}},{"start":{"line":109,"column":55},"end":{"line":109,"column":64}}],"line":109},"11":{"loc":{"start":{"line":109,"column":14},"end":{"line":109,"column":45}},"type":"binary-expr","locations":[{"start":{"line":109,"column":14},"end":{"line":109,"column":31}},{"start":{"line":109,"column":35},"end":{"line":109,"column":45}}],"line":109},"12":{"loc":{"start":{"line":110,"column":16},"end":{"line":110,"column":72}},"type":"cond-expr","locations":[{"start":{"line":110,"column":54},"end":{"line":110,"column":60}},{"start":{"line":110,"column":63},"end":{"line":110,"column":72}}],"line":110},"13":{"loc":{"start":{"line":110,"column":16},"end":{"line":110,"column":51}},"type":"binary-expr","locations":[{"start":{"line":110,"column":16},"end":{"line":110,"column":35}},{"start":{"line":110,"column":39},"end":{"line":110,"column":51}}],"line":110},"14":{"loc":{"start":{"line":112,"column":10},"end":{"line":114,"column":23}},"type":"cond-expr","locations":[{"start":{"line":113,"column":14},"end":{"line":113,"column":25}},{"start":{"line":114,"column":14},"end":{"line":114,"column":23}}],"line":112},"15":{"loc":{"start":{"line":112,"column":10},"end":{"line":112,"column":55}},"type":"binary-expr","locations":[{"start":{"line":112,"column":10},"end":{"line":112,"column":34}},{"start":{"line":112,"column":38},"end":{"line":112,"column":55}}],"line":112},"16":{"loc":{"start":{"line":116,"column":10},"end":{"line":118,"column":23}},"type":"cond-expr","locations":[{"start":{"line":117,"column":14},"end":{"line":117,"column":28}},{"start":{"line":118,"column":14},"end":{"line":118,"column":23}}],"line":116},"17":{"loc":{"start":{"line":116,"column":10},"end":{"line":116,"column":61}},"type":"binary-expr","locations":[{"start":{"line":116,"column":10},"end":{"line":116,"column":37}},{"start":{"line":116,"column":41},"end":{"line":116,"column":61}}],"line":116},"18":{"loc":{"start":{"line":119,"column":14},"end":{"line":119,"column":64}},"type":"cond-expr","locations":[{"start":{"line":119,"column":48},"end":{"line":119,"column":52}},{"start":{"line":119,"column":55},"end":{"line":119,"column":64}}],"line":119},"19":{"loc":{"start":{"line":119,"column":14},"end":{"line":119,"column":45}},"type":"binary-expr","locations":[{"start":{"line":119,"column":14},"end":{"line":119,"column":31}},{"start":{"line":119,"column":35},"end":{"line":119,"column":45}}],"line":119},"20":{"loc":{"start":{"line":122,"column":17},"end":{"line":122,"column":74}},"type":"binary-expr","locations":[{"start":{"line":122,"column":17},"end":{"line":122,"column":47}},{"start":{"line":122,"column":51},"end":{"line":122,"column":74}}],"line":122},"21":{"loc":{"start":{"line":135,"column":6},"end":{"line":137,"column":7}},"type":"if","locations":[{"start":{"line":135,"column":6},"end":{"line":137,"column":7}},{"start":{},"end":{}}],"line":135},"22":{"loc":{"start":{"line":135,"column":10},"end":{"line":135,"column":54}},"type":"binary-expr","locations":[{"start":{"line":135,"column":10},"end":{"line":135,"column":21}},{"start":{"line":135,"column":25},"end":{"line":135,"column":41}},{"start":{"line":135,"column":45},"end":{"line":135,"column":54}}],"line":135},"23":{"loc":{"start":{"line":158,"column":6},"end":{"line":171,"column":7}},"type":"if","locations":[{"start":{"line":158,"column":6},"end":{"line":171,"column":7}},{"start":{"line":160,"column":13},"end":{"line":171,"column":7}}],"line":158},"24":{"loc":{"start":{"line":162,"column":8},"end":{"line":170,"column":9}},"type":"if","locations":[{"start":{"line":162,"column":8},"end":{"line":170,"column":9}},{"start":{"line":166,"column":15},"end":{"line":170,"column":9}}],"line":162},"25":{"loc":{"start":{"line":162,"column":12},"end":{"line":162,"column":64}},"type":"binary-expr","locations":[{"start":{"line":162,"column":12},"end":{"line":162,"column":26}},{"start":{"line":162,"column":30},"end":{"line":162,"column":64}}],"line":162},"26":{"loc":{"start":{"line":167,"column":10},"end":{"line":169,"column":11}},"type":"if","locations":[{"start":{"line":167,"column":10},"end":{"line":169,"column":11}},{"start":{},"end":{}}],"line":167},"27":{"loc":{"start":{"line":167,"column":14},"end":{"line":167,"column":170}},"type":"binary-expr","locations":[{"start":{"line":167,"column":15},"end":{"line":167,"column":29}},{"start":{"line":167,"column":33},"end":{"line":167,"column":69}},{"start":{"line":167,"column":75},"end":{"line":167,"column":89}},{"start":{"line":167,"column":93},"end":{"line":167,"column":128}},{"start":{"line":167,"column":132},"end":{"line":167,"column":169}}],"line":167}},"s":{"0":1,"1":4,"2":1,"3":3,"4":2,"5":2,"6":2,"7":2,"8":2,"9":2,"10":2,"11":2,"12":2,"13":2,"14":2,"15":2,"16":2,"17":2,"18":15,"19":15,"20":15,"21":15,"22":1,"23":1,"24":14,"25":13,"26":13,"27":11,"28":3,"29":3,"30":2,"31":10,"32":10,"33":10,"34":10,"35":8,"36":8,"37":8,"38":2,"39":0,"40":0,"41":2,"42":9,"43":9,"44":9,"45":9,"46":1,"47":1,"48":8,"49":8,"50":6,"51":2,"52":2,"53":2,"54":3,"55":3,"56":3,"57":2,"58":1,"59":1,"60":6,"61":1,"62":1,"63":0,"64":0,"65":2,"66":2,"67":2,"68":2,"69":1,"70":1,"71":1,"72":0,"73":0,"74":2,"75":11,"76":11,"77":11,"78":11,"79":11,"80":3,"81":8,"82":8,"83":1,"84":7,"85":2,"86":5,"87":5,"88":0,"89":0,"90":0,"91":2,"92":1},"f":{"0":4,"1":15,"2":10,"3":9,"4":3,"5":6,"6":2,"7":11},"b":{"0":[1,3],"1":[1,14],"2":[8,2],"3":[10,8],"4":[8,8],"5":[1,8],"6":[2,1],"7":[3,1],"8":[1,0],"9":[1,0],"10":[1,0],"11":[1,1],"12":[1,0],"13":[1,1],"14":[1,0],"15":[1,1],"16":[1,0],"17":[1,1],"18":[1,0],"19":[1,0],"20":[6,4],"21":[1,1],"22":[2,1,1],"23":[3,8],"24":[1,7],"25":[8,4],"26":[2,5],"27":[7,3,6,2,2]},"_coverageSchema":"1a1c01bbd47fc00a2c39e90264f33305004495a9","hash":"ba6a4027fc7e3dccc3f54fc04c8d10768a365664"}
,"/Users/gauravgoswami/Desktop/indigo-hackathon/IndiGohack-backend/config/db.js": {"path":"/Users/gauravgoswami/Desktop/indigo-hackathon/IndiGohack-backend/config/db.js","statementMap":{"0":{"start":{"line":1,"column":17},"end":{"line":1,"column":36}},"1":{"start":{"line":3,"column":15},"end":{"line":19,"column":1}},"2":{"start":{"line":4,"column":2},"end":{"line":4,"column":60}},"3":{"start":{"line":5,"column":2},"end":{"line":18,"column":7}},"4":{"start":{"line":12,"column":6},"end":{"line":12,"column":71}},"5":{"start":{"line":15,"column":6},"end":{"line":15,"column":62}},"6":{"start":{"line":16,"column":6},"end":{"line":16,"column":31}},"7":{"start":{"line":17,"column":6},"end":{"line":17,"column":22}},"8":{"start":{"line":21,"column":0},"end":{"line":21,"column":28}}},"fnMap":{"0":{"name":"(anonymous_0)","decl":{"start":{"line":3,"column":15},"end":{"line":3,"column":16}},"loc":{"start":{"line":3,"column":27},"end":{"line":19,"column":1}},"line":3},"1":{"name":"(anonymous_1)","decl":{"start":{"line":11,"column":10},"end":{"line":11,"column":11}},"loc":{"start":{"line":11,"column":16},"end":{"line":13,"column":5}},"line":11},"2":{"name":"(anonymous_2)","decl":{"start":{"line":14,"column":11},"end":{"line":14,"column":12}},"loc":{"start":{"line":14,"column":20},"end":{"line":18,"column":5}},"line":14}},"branchMap":{},"s":{"0":1,"1":1,"2":1,"3":1,"4":1,"5":0,"6":0,"7":0,"8":1},"f":{"0":1,"1":1,"2":0},"b":{},"_coverageSchema":"1a1c01bbd47fc00a2c39e90264f33305004495a9","hash":"766a6024ff655e275acb7a7eae2961f19d4a8508"}
,"/Users/gauravgoswami/Desktop/indigo-hackathon/IndiGohack-backend/config/logger.js": {"path":"/Users/gauravgoswami/Desktop/indigo-hackathon/IndiGohack-backend/config/logger.js","statementMap":{"0":{"start":{"line":1,"column":16},"end":{"line":1,"column":34}},"1":{"start":{"line":3,"column":11},"end":{"line":3,"column":15}},"2":{"start":{"line":5,"column":4},"end":{"line":28,"column":7}},"3":{"start":{"line":32,"column":0},"end":{"line":32,"column":24}}},"fnMap":{"0":{"name":"(anonymous_0)","decl":{"start":{"line":4,"column":2},"end":{"line":4,"column":3}},"loc":{"start":{"line":4,"column":16},"end":{"line":29,"column":3}},"line":4}},"branchMap":{"0":{"loc":{"start":{"line":13,"column":12},"end":{"line":14,"column":18}},"type":"binary-expr","locations":[{"start":{"line":13,"column":13},"end":{"line":13,"column":34}},{"start":{"line":13,"column":38},"end":{"line":13,"column":73}},{"start":{"line":14,"column":12},"end":{"line":14,"column":18}}],"line":13},"1":{"loc":{"start":{"line":24,"column":12},"end":{"line":25,"column":18}},"type":"binary-expr","locations":[{"start":{"line":24,"column":13},"end":{"line":24,"column":34}},{"start":{"line":24,"column":38},"end":{"line":24,"column":73}},{"start":{"line":25,"column":12},"end":{"line":25,"column":18}}],"line":24}},"s":{"0":1,"1":2,"2":2,"3":1},"f":{"0":2},"b":{"0":[2,2,0],"1":[2,2,0]},"_coverageSchema":"1a1c01bbd47fc00a2c39e90264f33305004495a9","hash":"894d9930175f97fc649a6252e5625983205701f6"}
,"/Users/gauravgoswami/Desktop/indigo-hackathon/IndiGohack-backend/middlewares/auth.js": {"path":"/Users/gauravgoswami/Desktop/indigo-hackathon/IndiGohack-backend/middlewares/auth.js","statementMap":{"0":{"start":{"line":1,"column":12},"end":{"line":1,"column":35}},"1":{"start":{"line":3,"column":20},"end":{"line":18,"column":1}},"2":{"start":{"line":3,"column":32},"end":{"line":18,"column":1}},"3":{"start":{"line":4,"column":2},"end":{"line":4,"column":49}},"4":{"start":{"line":5,"column":16},"end":{"line":5,"column":44}},"5":{"start":{"line":6,"column":2},"end":{"line":9,"column":3}},"6":{"start":{"line":7,"column":4},"end":{"line":7,"column":54}},"7":{"start":{"line":8,"column":4},"end":{"line":8,"column":70}},"8":{"start":{"line":10,"column":2},"end":{"line":16,"column":3}},"9":{"start":{"line":11,"column":20},"end":{"line":11,"column":76}},"10":{"start":{"line":12,"column":4},"end":{"line":12,"column":23}},"11":{"start":{"line":14,"column":4},"end":{"line":14,"column":49}},"12":{"start":{"line":15,"column":4},"end":{"line":15,"column":69}},"13":{"start":{"line":17,"column":2},"end":{"line":17,"column":16}},"14":{"start":{"line":20,"column":0},"end":{"line":20,"column":29}}},"fnMap":{"0":{"name":"(anonymous_0)","decl":{"start":{"line":3,"column":20},"end":{"line":3,"column":21}},"loc":{"start":{"line":3,"column":32},"end":{"line":18,"column":1}},"line":3},"1":{"name":"(anonymous_1)","decl":{"start":{"line":3,"column":32},"end":{"line":3,"column":33}},"loc":{"start":{"line":3,"column":52},"end":{"line":18,"column":1}},"line":3}},"branchMap":{"0":{"loc":{"start":{"line":6,"column":2},"end":{"line":9,"column":3}},"type":"if","locations":[{"start":{"line":6,"column":2},"end":{"line":9,"column":3}},{"start":{},"end":{}}],"line":6},"1":{"loc":{"start":{"line":11,"column":38},"end":{"line":11,"column":75}},"type":"binary-expr","locations":[{"start":{"line":11,"column":38},"end":{"line":11,"column":59}},{"start":{"line":11,"column":63},"end":{"line":11,"column":75}}],"line":11}},"s":{"0":1,"1":1,"2":2,"3":12,"4":12,"5":12,"6":1,"7":1,"8":11,"9":11,"10":11,"11":0,"12":0,"13":11,"14":1},"f":{"0":2,"1":12},"b":{"0":[1,11],"1":[11,11]},"_coverageSchema":"1a1c01bbd47fc00a2c39e90264f33305004495a9","hash":"cb2d55ce9a0853c03a530947069a4114c06ba2ed"}
,"/Users/gauravgoswami/Desktop/indigo-hackathon/IndiGohack-backend/middlewares/log.js": {"path":"/Users/gauravgoswami/Desktop/indigo-hackathon/IndiGohack-backend/middlewares/log.js","statementMap":{"0":{"start":{"line":1,"column":32},"end":{"line":9,"column":1}},"1":{"start":{"line":1,"column":44},"end":{"line":9,"column":1}},"2":{"start":{"line":2,"column":2},"end":{"line":2,"column":74}},"3":{"start":{"line":3,"column":2},"end":{"line":3,"column":50}},"4":{"start":{"line":4,"column":2},"end":{"line":7,"column":5}},"5":{"start":{"line":5,"column":4},"end":{"line":5,"column":53}},"6":{"start":{"line":6,"column":4},"end":{"line":6,"column":22}},"7":{"start":{"line":8,"column":2},"end":{"line":8,"column":9}},"8":{"start":{"line":11,"column":30},"end":{"line":15,"column":1}},"9":{"start":{"line":11,"column":45},"end":{"line":15,"column":1}},"10":{"start":{"line":12,"column":2},"end":{"line":12,"column":28}},"11":{"start":{"line":13,"column":2},"end":{"line":13,"column":18}},"12":{"start":{"line":14,"column":2},"end":{"line":14,"column":20}},"13":{"start":{"line":17,"column":0},"end":{"line":17,"column":41}}},"fnMap":{"0":{"name":"(anonymous_0)","decl":{"start":{"line":1,"column":32},"end":{"line":1,"column":33}},"loc":{"start":{"line":1,"column":44},"end":{"line":9,"column":1}},"line":1},"1":{"name":"(anonymous_1)","decl":{"start":{"line":1,"column":44},"end":{"line":1,"column":45}},"loc":{"start":{"line":1,"column":64},"end":{"line":9,"column":1}},"line":1},"2":{"name":"(anonymous_2)","decl":{"start":{"line":4,"column":19},"end":{"line":4,"column":20}},"loc":{"start":{"line":4,"column":25},"end":{"line":7,"column":3}},"line":4},"3":{"name":"(anonymous_3)","decl":{"start":{"line":11,"column":30},"end":{"line":11,"column":31}},"loc":{"start":{"line":11,"column":45},"end":{"line":15,"column":1}},"line":11},"4":{"name":"(anonymous_4)","decl":{"start":{"line":11,"column":45},"end":{"line":11,"column":46}},"loc":{"start":{"line":11,"column":58},"end":{"line":15,"column":1}},"line":11}},"branchMap":{},"s":{"0":1,"1":2,"2":51,"3":51,"4":51,"5":51,"6":51,"7":51,"8":1,"9":51,"10":51,"11":51,"12":51,"13":1},"f":{"0":2,"1":51,"2":51,"3":51,"4":51},"b":{},"_coverageSchema":"1a1c01bbd47fc00a2c39e90264f33305004495a9","hash":"54ebf0d76091b9abb5a24e9a43fddfe5c3850f03"}
,"/Users/gauravgoswami/Desktop/indigo-hackathon/IndiGohack-backend/model/event.model.js": {"path":"/Users/gauravgoswami/Desktop/indigo-hackathon/IndiGohack-backend/model/event.model.js","statementMap":{"0":{"start":{"line":1,"column":17},"end":{"line":1,"column":36}},"1":{"start":{"line":3,"column":20},"end":{"line":40,"column":1}},"2":{"start":{"line":42,"column":0},"end":{"line":42,"column":54}}},"fnMap":{},"branchMap":{},"s":{"0":1,"1":1,"2":1},"f":{},"b":{},"_coverageSchema":"1a1c01bbd47fc00a2c39e90264f33305004495a9","hash":"d48f81ad99d1e1a085a5e08497427b58773c85f8"}
,"/Users/gauravgoswami/Desktop/indigo-hackathon/IndiGohack-backend/model/staff.model.js": {"path":"/Users/gauravgoswami/Desktop/indigo-hackathon/IndiGohack-backend/model/staff.model.js","statementMap":{"0":{"start":{"line":1,"column":17},"end":{"line":1,"column":36}},"1":{"start":{"line":2,"column":18},"end":{"line":2,"column":38}},"2":{"start":{"line":4,"column":20},"end":{"line":29,"column":1}},"3":{"start":{"line":12,"column":8},"end":{"line":12,"column":40}},"4":{"start":{"line":31,"column":0},"end":{"line":31,"column":54}}},"fnMap":{"0":{"name":"(anonymous_0)","decl":{"start":{"line":11,"column":16},"end":{"line":11,"column":17}},"loc":{"start":{"line":11,"column":27},"end":{"line":13,"column":7}},"line":11}},"branchMap":{},"s":{"0":1,"1":1,"2":1,"3":13,"4":1},"f":{"0":13},"b":{},"_coverageSchema":"1a1c01bbd47fc00a2c39e90264f33305004495a9","hash":"d162b29ec3d5288ecaf505173d8cc6820617f240"}
,"/Users/gauravgoswami/Desktop/indigo-hackathon/IndiGohack-backend/model/unmr.model.js": {"path":"/Users/gauravgoswami/Desktop/indigo-hackathon/IndiGohack-backend/model/unmr.model.js","statementMap":{"0":{"start":{"line":1,"column":17},"end":{"line":1,"column":36}},"1":{"start":{"line":3,"column":19},"end":{"line":42,"column":1}},"2":{"start":{"line":44,"column":0},"end":{"line":44,"column":52}}},"fnMap":{},"branchMap":{},"s":{"0":1,"1":1,"2":1},"f":{},"b":{},"_coverageSchema":"1a1c01bbd47fc00a2c39e90264f33305004495a9","hash":"fb713e8842e628833a64d45f33196924880ad5ac"}
}
