TN:
SF:app.js
FN:1,(anonymous_0)
FN:23,(anonymous_1)
FN:46,(anonymous_2)
FN:68,(anonymous_3)
FN:101,(anonymous_4)
FN:122,(anonymous_5)
FN:132,(anonymous_6)
FN:146,(anonymous_7)
FNF:8
FNH:8
FNDA:4,(anonymous_0)
FNDA:10,(anonymous_1)
FNDA:6,(anonymous_2)
FNDA:5,(anonymous_3)
FNDA:3,(anonymous_4)
FNDA:6,(anonymous_5)
FNDA:2,(anonymous_6)
FNDA:3,(anonymous_7)
DA:1,1
DA:2,4
DA:3,1
DA:5,3
DA:7,2
DA:8,2
DA:9,2
DA:10,2
DA:11,2
DA:12,2
DA:13,2
DA:14,2
DA:15,2
DA:17,2
DA:19,2
DA:20,2
DA:21,2
DA:23,2
DA:24,10
DA:25,10
DA:26,10
DA:27,10
DA:28,1
DA:29,1
DA:31,9
DA:32,8
DA:38,8
DA:39,6
DA:41,3
DA:42,3
DA:46,2
DA:47,6
DA:48,6
DA:49,6
DA:50,6
DA:51,4
DA:58,4
DA:59,4
DA:61,2
DA:63,0
DA:64,0
DA:68,2
DA:69,5
DA:78,5
DA:79,5
DA:80,5
DA:81,1
DA:82,1
DA:84,4
DA:93,4
DA:94,2
DA:96,2
DA:97,2
DA:101,2
DA:102,3
DA:103,3
DA:104,3
DA:105,2
DA:107,1
DA:121,1
DA:122,6
DA:124,1
DA:125,1
DA:127,0
DA:128,0
DA:132,2
DA:133,2
DA:134,2
DA:135,2
DA:136,1
DA:138,1
DA:139,1
DA:141,0
DA:142,0
DA:146,2
DA:147,3
DA:148,3
DA:149,3
DA:155,3
DA:156,1
DA:158,2
DA:159,2
DA:163,2
DA:167,1
LF:84
LH:78
BRDA:2,0,0,1
BRDA:2,0,1,3
BRDA:27,1,0,1
BRDA:27,1,1,9
BRDA:50,2,0,4
BRDA:50,2,1,2
BRDA:50,3,0,6
BRDA:50,3,1,4
BRDA:53,4,0,4
BRDA:53,4,1,4
BRDA:80,5,0,1
BRDA:80,5,1,4
BRDA:104,6,0,2
BRDA:104,6,1,1
BRDA:104,7,0,3
BRDA:104,7,1,1
BRDA:108,8,0,1
BRDA:108,8,1,0
BRDA:108,9,0,1
BRDA:108,9,1,0
BRDA:109,10,0,1
BRDA:109,10,1,0
BRDA:109,11,0,1
BRDA:109,11,1,1
BRDA:110,12,0,1
BRDA:110,12,1,0
BRDA:110,13,0,1
BRDA:110,13,1,1
BRDA:112,14,0,1
BRDA:112,14,1,0
BRDA:112,15,0,1
BRDA:112,15,1,1
BRDA:116,16,0,1
BRDA:116,16,1,0
BRDA:116,17,0,1
BRDA:116,17,1,1
BRDA:119,18,0,1
BRDA:119,18,1,0
BRDA:119,19,0,1
BRDA:119,19,1,0
BRDA:122,20,0,6
BRDA:122,20,1,4
BRDA:135,21,0,1
BRDA:135,21,1,1
BRDA:135,22,0,2
BRDA:135,22,1,1
BRDA:135,22,2,1
BRF:47
BRH:39
end_of_record
TN:
SF:config/db.js
FN:3,(anonymous_0)
FN:11,(anonymous_1)
FN:14,(anonymous_2)
FNF:3
FNH:3
FNDA:4,(anonymous_0)
FNDA:1,(anonymous_1)
FNDA:1,(anonymous_2)
DA:1,2
DA:3,2
DA:4,4
DA:5,2
DA:12,1
DA:16,1
DA:17,1
DA:18,1
DA:22,2
LF:9
LH:9
BRF:0
BRH:0
end_of_record
TN:
SF:config/logger.js
FN:4,(anonymous_0)
FNF:1
FNH:1
FNDA:8,(anonymous_0)
DA:1,3
DA:3,8
DA:5,8
DA:32,3
LF:4
LH:4
BRDA:13,0,0,8
BRDA:13,0,1,0
BRDA:13,0,2,8
BRDA:24,1,0,8
BRDA:24,1,1,0
BRDA:24,1,2,8
BRF:6
BRH:4
end_of_record
TN:
SF:middlewares/auth.js
FN:3,(anonymous_0)
FN:3,(anonymous_1)
FNF:2
FNH:2
FNDA:5,(anonymous_0)
FNDA:8,(anonymous_1)
DA:1,2
DA:3,5
DA:4,8
DA:5,8
DA:6,8
DA:7,3
DA:8,3
DA:10,5
DA:11,5
DA:12,4
DA:14,1
DA:15,1
DA:17,4
DA:20,2
LF:14
LH:14
BRDA:6,0,0,3
BRDA:6,0,1,5
BRDA:11,1,0,5
BRDA:11,1,1,5
BRF:4
BRH:4
end_of_record
TN:
SF:middlewares/log.js
FN:2,(anonymous_0)
FN:2,(anonymous_1)
FN:5,(anonymous_2)
FN:12,(anonymous_3)
FN:12,(anonymous_4)
FNF:5
FNH:5
FNDA:5,(anonymous_0)
FNDA:34,(anonymous_1)
FNDA:31,(anonymous_2)
FNDA:34,(anonymous_3)
FNDA:31,(anonymous_4)
DA:2,5
DA:3,34
DA:4,34
DA:5,34
DA:6,31
DA:7,31
DA:9,33
DA:12,34
DA:13,31
DA:14,31
DA:15,31
DA:18,2
LF:12
LH:12
BRF:0
BRH:0
end_of_record
TN:
SF:model/event.model.js
FNF:0
FNH:0
DA:1,1
DA:3,1
DA:27,1
LF:3
LH:3
BRF:0
BRH:0
end_of_record
TN:
SF:model/staff.model.js
FN:10,(anonymous_0)
FNF:1
FNH:1
FNDA:8,(anonymous_0)
DA:1,1
DA:2,1
DA:4,1
DA:11,8
DA:22,1
LF:5
LH:5
BRF:0
BRH:0
end_of_record
TN:
SF:model/unmr.model.js
FNF:0
FNH:0
DA:1,1
DA:3,1
DA:35,1
LF:3
LH:3
BRF:0
BRH:0
end_of_record
