TN:
SF:app.js
FN:1,(anonymous_0)
FN:23,(anonymous_1)
FN:46,(anonymous_2)
FN:68,(anonymous_3)
FN:101,(anonymous_4)
FN:122,(anonymous_5)
FN:132,(anonymous_6)
FN:146,(anonymous_7)
FNF:8
FNH:8
FNDA:4,(anonymous_0)
FNDA:15,(anonymous_1)
FNDA:10,(anonymous_2)
FNDA:9,(anonymous_3)
FNDA:3,(anonymous_4)
FNDA:6,(anonymous_5)
FNDA:2,(anonymous_6)
FNDA:11,(anonymous_7)
DA:1,1
DA:2,4
DA:3,1
DA:5,3
DA:7,2
DA:8,2
DA:9,2
DA:10,2
DA:11,2
DA:12,2
DA:13,2
DA:14,2
DA:15,2
DA:17,2
DA:19,2
DA:20,2
DA:21,2
DA:23,2
DA:24,15
DA:25,15
DA:26,15
DA:27,15
DA:28,1
DA:29,1
DA:31,14
DA:32,13
DA:38,13
DA:39,11
DA:41,3
DA:42,3
DA:46,2
DA:47,10
DA:48,10
DA:49,10
DA:50,10
DA:51,8
DA:58,8
DA:59,8
DA:61,2
DA:63,0
DA:64,0
DA:68,2
DA:69,9
DA:78,9
DA:79,9
DA:80,9
DA:81,1
DA:82,1
DA:84,8
DA:93,8
DA:94,6
DA:96,2
DA:97,2
DA:101,2
DA:102,3
DA:103,3
DA:104,3
DA:105,2
DA:107,1
DA:121,1
DA:122,6
DA:124,1
DA:125,1
DA:127,0
DA:128,0
DA:132,2
DA:133,2
DA:134,2
DA:135,2
DA:136,1
DA:138,1
DA:139,1
DA:141,0
DA:142,0
DA:146,2
DA:147,11
DA:148,11
DA:149,11
DA:157,11
DA:158,11
DA:159,3
DA:161,8
DA:162,8
DA:163,1
DA:167,7
DA:168,2
DA:172,5
DA:173,5
DA:175,0
DA:176,0
DA:177,0
DA:181,2
DA:184,1
LF:93
LH:84
BRDA:2,0,0,1
BRDA:2,0,1,3
BRDA:27,1,0,1
BRDA:27,1,1,14
BRDA:50,2,0,8
BRDA:50,2,1,2
BRDA:50,3,0,10
BRDA:50,3,1,8
BRDA:53,4,0,8
BRDA:53,4,1,8
BRDA:80,5,0,1
BRDA:80,5,1,8
BRDA:104,6,0,2
BRDA:104,6,1,1
BRDA:104,7,0,3
BRDA:104,7,1,1
BRDA:108,8,0,1
BRDA:108,8,1,0
BRDA:108,9,0,1
BRDA:108,9,1,0
BRDA:109,10,0,1
BRDA:109,10,1,0
BRDA:109,11,0,1
BRDA:109,11,1,1
BRDA:110,12,0,1
BRDA:110,12,1,0
BRDA:110,13,0,1
BRDA:110,13,1,1
BRDA:112,14,0,1
BRDA:112,14,1,0
BRDA:112,15,0,1
BRDA:112,15,1,1
BRDA:116,16,0,1
BRDA:116,16,1,0
BRDA:116,17,0,1
BRDA:116,17,1,1
BRDA:119,18,0,1
BRDA:119,18,1,0
BRDA:119,19,0,1
BRDA:119,19,1,0
BRDA:122,20,0,6
BRDA:122,20,1,4
BRDA:135,21,0,1
BRDA:135,21,1,1
BRDA:135,22,0,2
BRDA:135,22,1,1
BRDA:135,22,2,1
BRDA:158,23,0,3
BRDA:158,23,1,8
BRDA:162,24,0,1
BRDA:162,24,1,7
BRDA:162,25,0,8
BRDA:162,25,1,4
BRDA:167,26,0,2
BRDA:167,26,1,5
BRDA:167,27,0,7
BRDA:167,27,1,3
BRDA:167,27,2,6
BRDA:167,27,3,2
BRDA:167,27,4,2
BRF:60
BRH:52
end_of_record
TN:
SF:config/db.js
FN:3,(anonymous_0)
FN:11,(anonymous_1)
FN:14,(anonymous_2)
FNF:3
FNH:2
FNDA:1,(anonymous_0)
FNDA:1,(anonymous_1)
FNDA:0,(anonymous_2)
DA:1,1
DA:3,1
DA:4,1
DA:5,1
DA:12,1
DA:15,0
DA:16,0
DA:17,0
DA:21,1
LF:9
LH:6
BRF:0
BRH:0
end_of_record
TN:
SF:config/logger.js
FN:4,(anonymous_0)
FNF:1
FNH:1
FNDA:2,(anonymous_0)
DA:1,1
DA:3,2
DA:5,2
DA:32,1
LF:4
LH:4
BRDA:13,0,0,2
BRDA:13,0,1,2
BRDA:13,0,2,0
BRDA:24,1,0,2
BRDA:24,1,1,2
BRDA:24,1,2,0
BRF:6
BRH:4
end_of_record
TN:
SF:middlewares/auth.js
FN:3,(anonymous_0)
FN:3,(anonymous_1)
FNF:2
FNH:2
FNDA:2,(anonymous_0)
FNDA:12,(anonymous_1)
DA:1,1
DA:3,2
DA:4,12
DA:5,12
DA:6,12
DA:7,1
DA:8,1
DA:10,11
DA:11,11
DA:12,11
DA:14,0
DA:15,0
DA:17,11
DA:20,1
LF:14
LH:12
BRDA:6,0,0,1
BRDA:6,0,1,11
BRDA:11,1,0,11
BRDA:11,1,1,11
BRF:4
BRH:4
end_of_record
TN:
SF:middlewares/log.js
FN:1,(anonymous_0)
FN:1,(anonymous_1)
FN:4,(anonymous_2)
FN:11,(anonymous_3)
FN:11,(anonymous_4)
FNF:5
FNH:5
FNDA:2,(anonymous_0)
FNDA:51,(anonymous_1)
FNDA:51,(anonymous_2)
FNDA:51,(anonymous_3)
FNDA:51,(anonymous_4)
DA:1,2
DA:2,51
DA:3,51
DA:4,51
DA:5,51
DA:6,51
DA:8,51
DA:11,51
DA:12,51
DA:13,51
DA:14,51
DA:17,1
LF:12
LH:12
BRF:0
BRH:0
end_of_record
TN:
SF:model/event.model.js
FNF:0
FNH:0
DA:1,1
DA:3,1
DA:42,1
LF:3
LH:3
BRF:0
BRH:0
end_of_record
TN:
SF:model/staff.model.js
FN:11,(anonymous_0)
FNF:1
FNH:1
FNDA:13,(anonymous_0)
DA:1,1
DA:2,1
DA:4,1
DA:12,13
DA:31,1
LF:5
LH:5
BRF:0
BRH:0
end_of_record
TN:
SF:model/unmr.model.js
FNF:0
FNH:0
DA:1,1
DA:3,1
DA:44,1
LF:3
LH:3
BRF:0
BRH:0
end_of_record
